<?xml version="1.0" encoding="UTF-8"?>
<!-- Generated by org.testng.reporters.JUnitReportReporter -->
<testsuite hostname="DivyaJyothi" failures="0" tests="1" name="com.MIT.HMS_DJ.TC_05_AddDoctor_SmokeTest" time="9.544" errors="0" timestamp="2025-03-18T07:26:55 IST" skipped="0">
  <testcase classname="com.MIT.HMS_DJ.TC_05_AddDoctor_SmokeTest" name="addDoctorSmoke" time="9.544"/>
  <system-out/>
</testsuite> <!-- com.MIT.HMS_DJ.TC_05_AddDoctor_SmokeTest -->
