<?xml version="1.0" encoding="UTF-8"?>
<!-- Generated by org.testng.reporters.JUnitReportReporter -->
<testsuite hostname="DivyaJyothi" failures="0" tests="1" name="com.MIT.HMS_DJ.TC_02_ContactUs_SystemTest" time="13.042" errors="0" timestamp="2025-03-17T10:29:04 IST" skipped="0">
  <testcase classname="com.MIT.HMS_DJ.TC_02_ContactUs_SystemTest" name="contactUsTest" time="13.042"/>
  <system-out/>
</testsuite> <!-- com.MIT.HMS_DJ.TC_02_ContactUs_SystemTest -->
