<?xml version="1.0" encoding="UTF-8"?>
<!-- Generated by org.testng.reporters.JUnitReportReporter -->
<testsuite hostname="DivyaJyothi" failures="0" tests="1" name="com.MIT.HMS_DJ.TC_06_ManagePatients_SmokeTest" time="8.843" errors="0" timestamp="2025-03-18T08:03:40 IST" skipped="0">
  <testcase classname="com.MIT.HMS_DJ.TC_06_ManagePatients_SmokeTest" name="managePatientsSmoke" time="8.843"/>
  <system-out/>
</testsuite> <!-- com.MIT.HMS_DJ.TC_06_ManagePatients_SmokeTest -->
