<?xml version="1.0" encoding="UTF-8"?>
<!-- Generated by org.testng.reporters.JUnitReportReporter -->
<testsuite hostname="DivyaJyothi" failures="0" tests="3" name="com.MIT.HMS_DJ.TC_03_ManagePatientsReportAppointment_SystemTest" time="39.917" errors="0" timestamp="2025-03-18T07:22:29 IST" skipped="0">
  <testcase classname="com.MIT.HMS_DJ.TC_03_ManagePatientsReportAppointment_SystemTest" name="ManagePatientssTest" time="7.269"/>
  <system-out/>
  <testcase classname="com.MIT.HMS_DJ.TC_03_ManagePatientsReportAppointment_SystemTest" name="AppointmentHistoryTest" time="5.536"/>
  <system-out/>
  <testcase classname="com.MIT.HMS_DJ.TC_03_ManagePatientsReportAppointment_SystemTest" name="ReportsTest" time="27.112"/>
  <system-out/>
</testsuite> <!-- com.MIT.HMS_DJ.TC_03_ManagePatientsReportAppointment_SystemTest -->
