<?xml version="1.0" encoding="UTF-8"?>
<!-- Generated by org.testng.reporters.JUnitReportReporter -->
<testsuite hostname="DivyaJyothi" failures="0" tests="3" name="com.MIT.HMS_DJ.TC_01_ST_AddUpdateDoctorAndSpecialization_SystemTest" time="13.810" errors="0" timestamp="2025-03-18T06:13:05 IST" skipped="0">
  <testcase classname="com.MIT.HMS_DJ.TC_01_ST_AddUpdateDoctorAndSpecialization_SystemTest" name="addDoctorTest" time="8.190"/>
  <system-out/>
  <testcase classname="com.MIT.HMS_DJ.TC_01_ST_AddUpdateDoctorAndSpecialization_SystemTest" name="updateDoctorTest" time="2.672"/>
  <system-out/>
  <testcase classname="com.MIT.HMS_DJ.TC_01_ST_AddUpdateDoctorAndSpecialization_SystemTest" name="AddDocSpecializationTest" time="2.948"/>
  <system-out/>
</testsuite> <!-- com.MIT.HMS_DJ.TC_01_ST_AddUpdateDoctorAndSpecialization_SystemTest -->
