<?xml version="1.0" encoding="UTF-8"?>
<!-- Generated by org.testng.reporters.JUnitReportReporter -->
<testsuite hostname="DivyaJyothi" failures="0" tests="1" name="com.MIT.HMS_DJ.TC_11_ManageUsers_SystemTest" time="7.517" errors="0" timestamp="2025-03-18T08:00:50 IST" skipped="0">
  <testcase classname="com.MIT.HMS_DJ.TC_11_ManageUsers_SystemTest" name="addDoctorTest" time="7.517"/>
  <system-out/>
</testsuite> <!-- com.MIT.HMS_DJ.TC_11_ManageUsers_SystemTest -->
