<?xml version="1.0" encoding="UTF-8"?>
<!-- Generated by org.testng.reporters.JUnitReportReporter -->
<testsuite hostname="DivyaJyothi" failures="0" tests="1" name="com.MIT.HMS_DJ.TC_04_PatientSearchSessionLogs_SystemTest" time="8.515" errors="0" timestamp="2025-03-17T09:50:37 IST" skipped="0">
  <testcase classname="com.MIT.HMS_DJ.TC_04_PatientSearchSessionLogs_SystemTest" name="PatientSearchSessionLogs_SystemTest" time="8.515"/>
  <system-out/>
</testsuite> <!-- com.MIT.HMS_DJ.TC_04_PatientSearchSessionLogs_SystemTest -->
