<?xml version="1.0" encoding="UTF-8"?>
<!-- Generated by org.testng.reporters.JUnitReportReporter -->
<testsuite hostname="DivyaJyothi" failures="0" tests="1" name="com.MIT.HMS_DJ.TC_06_ManagePatients_SmokeTest" time="9.829" errors="0" timestamp="2025-03-17T11:25:01 IST" skipped="0">
  <testcase classname="com.MIT.HMS_DJ.TC_06_ManagePatients_SmokeTest" name="managePatientsSmoke" time="9.829"/>
  <system-out/>
</testsuite> <!-- com.MIT.HMS_DJ.TC_06_ManagePatients_SmokeTest -->
