<?xml version="1.0" encoding="UTF-8"?>
<!-- Generated by org.testng.reporters.JUnitReportReporter -->
<testsuite hostname="DivyaJyothi" failures="0" tests="1" name="com.MIT.HMS_DJ.TC_03_ManagePatientsReportAppointment_SystemTest" time="8.880" errors="0" timestamp="2025-03-17T10:15:07 IST" skipped="0">
  <testcase classname="com.MIT.HMS_DJ.TC_03_ManagePatientsReportAppointment_SystemTest" name="contactUsTest" time="8.880"/>
  <system-out/>
</testsuite> <!-- com.MIT.HMS_DJ.TC_03_ManagePatientsReportAppointment_SystemTest -->
