<?xml version="1.0" encoding="UTF-8"?>
<!-- Generated by org.testng.reporters.JUnitReportReporter -->
<testsuite hostname="DivyaJyothi" failures="0" tests="3" name="com.MIT.HMS_DJ.TC_8_9_10_AddUpdateDeleteDoctor_IntegrationTest" time="45.226" errors="0" timestamp="2025-03-18T07:32:10 IST" skipped="0">
  <testcase classname="com.MIT.HMS_DJ.TC_8_9_10_AddUpdateDeleteDoctor_IntegrationTest" name="addDoctorTest" time="13.276"/>
  <system-out/>
  <testcase classname="com.MIT.HMS_DJ.TC_8_9_10_AddUpdateDeleteDoctor_IntegrationTest" name="UpdateDoctorTest" time="6.280"/>
  <system-out/>
  <testcase classname="com.MIT.HMS_DJ.TC_8_9_10_AddUpdateDeleteDoctor_IntegrationTest" name="DeleteDoctorTest" time="25.670"/>
  <system-out/>
</testsuite> <!-- com.MIT.HMS_DJ.TC_8_9_10_AddUpdateDeleteDoctor_IntegrationTest -->
