<?xml version="1.0" encoding="UTF-8"?>
<!-- Generated by org.testng.reporters.JUnitReportReporter -->
<testsuite hostname="DivyaJyothi" failures="0" tests="3" name="com.MIT.HMS_DJ.TC_04_PatientSearchSessionLogs_SystemTest" time="16.151" errors="0" timestamp="2025-03-18T07:26:20 IST" skipped="0">
  <testcase classname="com.MIT.HMS_DJ.TC_04_PatientSearchSessionLogs_SystemTest" name="SearchUserSessionLogs_SystemTest" time="4.484"/>
  <system-out/>
  <testcase classname="com.MIT.HMS_DJ.TC_04_PatientSearchSessionLogs_SystemTest" name="SearchDoctorSessionLogs_SystemTest" time="3.800"/>
  <system-out/>
  <testcase classname="com.MIT.HMS_DJ.TC_04_PatientSearchSessionLogs_SystemTest" name="Patient_SystemTest" time="7.867"/>
  <system-out/>
</testsuite> <!-- com.MIT.HMS_DJ.TC_04_PatientSearchSessionLogs_SystemTest -->
