<?xml version="1.0" encoding="UTF-8"?>
<!-- Generated by org.testng.reporters.JUnitReportReporter -->
<testsuite hostname="DivyaJyothi" failures="0" tests="3" name="com.MIT.HMS_DJ.TC_8_9_10_AddUpdateDeleteDoctor_IntegrationTest" time="43.475" errors="0" timestamp="2025-03-17T12:08:12 IST" skipped="0">
  <testcase classname="com.MIT.HMS_DJ.TC_8_9_10_AddUpdateDeleteDoctor_IntegrationTest" name="addDoctorTest" time="18.087"/>
  <system-out/>
  <testcase classname="com.MIT.HMS_DJ.TC_8_9_10_AddUpdateDeleteDoctor_IntegrationTest" name="UpdateDoctorTest" time="2.769"/>
  <system-out/>
  <testcase classname="com.MIT.HMS_DJ.TC_8_9_10_AddUpdateDeleteDoctor_IntegrationTest" name="DeleteDoctorTest" time="22.619"/>
  <system-out/>
</testsuite> <!-- com.MIT.HMS_DJ.TC_8_9_10_AddUpdateDeleteDoctor_IntegrationTest -->
