<?xml version="1.0" encoding="UTF-8"?>
<!-- Generated by org.testng.reporters.JUnitReportReporter -->
<testsuite hostname="DivyaJyothi" failures="0" tests="1" name="com.MIT.HMS_DJ.TC_07_AppointmentHistory_SmokeTest" time="11.695" errors="0" timestamp="2025-03-18T10:23:53 IST" skipped="0">
  <testcase classname="com.MIT.HMS_DJ.TC_07_AppointmentHistory_SmokeTest" name="AppointmentHistoryTest" time="11.695"/>
  <system-out/>
</testsuite> <!-- com.MIT.HMS_DJ.TC_07_AppointmentHistory_SmokeTest -->
